[debug] [2023-06-19T02:59:05.569Z] ----------------------------------------------------------------------
[debug] [2023-06-19T02:59:05.571Z] Command:       C:\Program Files\nodejs\node.exe C:\Users\ENDALE\AppData\Roaming\npm\node_modules\firebase-tools\lib\bin\firebase.js login
[debug] [2023-06-19T02:59:05.571Z] CLI Version:   12.4.0
[debug] [2023-06-19T02:59:05.572Z] Platform:      win32
[debug] [2023-06-19T02:59:05.572Z] Node Version:  v18.16.0
[debug] [2023-06-19T02:59:05.573Z] Time:          Mon Jun 19 2023 10:59:05 GMT+0800 (China Standard Time)
[debug] [2023-06-19T02:59:05.573Z] ----------------------------------------------------------------------
[debug] 
[debug] [2023-06-19T02:59:05.575Z] >>> [apiv2][query] GET https://firebase-public.firebaseio.com/cli.json [none]
[info] i  Firebase optionally collects CLI and Emulator Suite usage and error reporting information to help improve our products. Data is collected in accordance with Google's privacy policy (https://policies.google.com/privacy) and is not used to identify you.
 
[debug] [2023-06-19T02:59:07.015Z] <<< [apiv2][status] GET https://firebase-public.firebaseio.com/cli.json 200
[debug] [2023-06-19T02:59:07.015Z] <<< [apiv2][body] GET https://firebase-public.firebaseio.com/cli.json {"cloudBuildErrorAfter":1594252800000,"cloudBuildWarnAfter":1590019200000,"defaultNode10After":1594252800000,"minVersion":"3.0.5","node8DeploysDisabledAfter":1613390400000,"node8RuntimeDisabledAfter":1615809600000,"node8WarnAfter":1600128000000}
[info] i  To change your data collection preference at any time, run `firebase logout` and log in again. 
[info] 
[info] Visit this URL on this device to log in:
[info] https://accounts.google.com/o/oauth2/auth?client_id=563584335869-fgrhgmd47bqnekij5i8b5pr03ho849e6.apps.googleusercontent.com&scope=email%20openid%20https%3A%2F%2Fwww.googleapis.com%2Fauth%2Fcloudplatformprojects.readonly%20https%3A%2F%2Fwww.googleapis.com%2Fauth%2Ffirebase%20https%3A%2F%2Fwww.googleapis.com%2Fauth%2Fcloud-platform&response_type=code&state=195225237&redirect_uri=http%3A%2F%2Flocalhost%3A9005
[info] 
[info] Waiting for authentication...
[debug] [2023-06-19T03:11:34.964Z] >>> [apiv2][query] POST https://accounts.google.com/o/oauth2/token [none]
[debug] [2023-06-19T03:11:34.965Z] >>> [apiv2][body] POST https://accounts.google.com/o/oauth2/token [omitted]
[debug] [2023-06-19T03:11:56.016Z] Token Fetch Error: FirebaseError: Failed to make request to https://accounts.google.com/o/oauth2/token
    at RetryOperation._fn (C:\Users\ENDALE\AppData\Roaming\npm\node_modules\firebase-tools\lib\apiv2.js:242:31)
    at process.processTicksAndRejections (node:internal/process/task_queues:95:5)
[debug] [2023-06-19T03:11:56.030Z] >>> [apiv2][query] POST https://auth.firebase.tools/attest [none]
[debug] [2023-06-19T03:11:56.030Z] >>> [apiv2][body] POST https://auth.firebase.tools/attest {"session_id":"ca32753d-e122-4852-ab4f-15993c6ceef9"}
[debug] [2023-06-19T03:11:56.944Z] <<< [apiv2][status] POST https://auth.firebase.tools/attest 200
[debug] [2023-06-19T03:11:56.945Z] <<< [apiv2][body] POST https://auth.firebase.tools/attest {"token":"8MdBCOeeDr-vrSg1Z1Iedm-w3CFE0NOGNUMkS10HjqI"}
[info] 
[info] To sign in to the Firebase CLI:
[info] 
[info] 1. Take note of your session ID:
[info] 
[info]    CA327
[info] 
[info] 2. Visit the URL below on any device and follow the instructions to get your code:
[info] 
[info]    https://auth.firebase.tools/login?code_challenge=PxzP38N066kRz4ajLTlFjQHWoRTzCdHX8HrR-w-3XC8&session=ca32753d-e122-4852-ab4f-15993c6ceef9&attest=8MdBCOeeDr-vrSg1Z1Iedm-w3CFE0NOGNUMkS10HjqI
[info] 
[info] 3. Paste or enter the authorization code below once you have it:
[info] 
[debug] [2023-06-19T03:13:25.363Z] ----------------------------------------------------------------------
[debug] [2023-06-19T03:13:25.364Z] Command:       C:\Program Files\nodejs\node.exe C:\Users\ENDALE\AppData\Roaming\npm\node_modules\firebase-tools\lib\bin\firebase.js login
[debug] [2023-06-19T03:13:25.365Z] CLI Version:   12.4.0
[debug] [2023-06-19T03:13:25.365Z] Platform:      win32
[debug] [2023-06-19T03:13:25.365Z] Node Version:  v18.16.0
[debug] [2023-06-19T03:13:25.366Z] Time:          Mon Jun 19 2023 11:13:25 GMT+0800 (China Standard Time)
[debug] [2023-06-19T03:13:25.366Z] ----------------------------------------------------------------------
[debug] 
[info] i  Firebase optionally collects CLI and Emulator Suite usage and error reporting information to help improve our products. Data is collected in accordance with Google's privacy policy (https://policies.google.com/privacy) and is not used to identify you.
 
[info] i  To change your data collection preference at any time, run `firebase logout` and log in again. 
[info] 
[info] Visit this URL on this device to log in:
[info] https://accounts.google.com/o/oauth2/auth?client_id=563584335869-fgrhgmd47bqnekij5i8b5pr03ho849e6.apps.googleusercontent.com&scope=email%20openid%20https%3A%2F%2Fwww.googleapis.com%2Fauth%2Fcloudplatformprojects.readonly%20https%3A%2F%2Fwww.googleapis.com%2Fauth%2Ffirebase%20https%3A%2F%2Fwww.googleapis.com%2Fauth%2Fcloud-platform&response_type=code&state=191113524&redirect_uri=http%3A%2F%2Flocalhost%3A9005
[info] 
[info] Waiting for authentication...
[debug] [2023-06-19T03:13:35.198Z] >>> [apiv2][query] POST https://accounts.google.com/o/oauth2/token [none]
[debug] [2023-06-19T03:13:35.198Z] >>> [apiv2][body] POST https://accounts.google.com/o/oauth2/token [omitted]
[debug] [2023-06-19T03:13:56.293Z] Token Fetch Error: FirebaseError: Failed to make request to https://accounts.google.com/o/oauth2/token
    at RetryOperation._fn (C:\Users\ENDALE\AppData\Roaming\npm\node_modules\firebase-tools\lib\apiv2.js:242:31)
    at process.processTicksAndRejections (node:internal/process/task_queues:95:5)
[debug] [2023-06-19T03:13:56.300Z] >>> [apiv2][query] POST https://auth.firebase.tools/attest [none]
[debug] [2023-06-19T03:13:56.301Z] >>> [apiv2][body] POST https://auth.firebase.tools/attest {"session_id":"6fb19b7b-778b-408f-b7ef-8754644bca47"}
[debug] [2023-06-19T03:13:56.762Z] <<< [apiv2][status] POST https://auth.firebase.tools/attest 200
[debug] [2023-06-19T03:13:56.763Z] <<< [apiv2][body] POST https://auth.firebase.tools/attest {"token":"SBGc0yqqpo10iS_aVrGxxV2wXqk0I0IYB_8JCcxEJiU"}
[info] 
[info] To sign in to the Firebase CLI:
[info] 
[info] 1. Take note of your session ID:
[info] 
[info]    6FB19
[info] 
[info] 2. Visit the URL below on any device and follow the instructions to get your code:
[info] 
[info]    https://auth.firebase.tools/login?code_challenge=pmLvn3Zva-6lvzpSDy8V0BXmIlD6HgoTb0VcNVxLYbg&session=6fb19b7b-778b-408f-b7ef-8754644bca47&attest=SBGc0yqqpo10iS_aVrGxxV2wXqk0I0IYB_8JCcxEJiU
[info] 
[info] 3. Paste or enter the authorization code below once you have it:
[info] 
[debug] [2023-06-19T03:16:01.050Z] ----------------------------------------------------------------------
[debug] [2023-06-19T03:16:01.052Z] Command:       C:\Program Files\nodejs\node.exe C:\Users\ENDALE\AppData\Roaming\npm\node_modules\firebase-tools\lib\bin\firebase.js login
[debug] [2023-06-19T03:16:01.052Z] CLI Version:   12.4.0
[debug] [2023-06-19T03:16:01.052Z] Platform:      win32
[debug] [2023-06-19T03:16:01.053Z] Node Version:  v18.16.0
[debug] [2023-06-19T03:16:01.053Z] Time:          Mon Jun 19 2023 11:16:01 GMT+0800 (China Standard Time)
[debug] [2023-06-19T03:16:01.054Z] ----------------------------------------------------------------------
[debug] 
[info] i  Firebase optionally collects CLI and Emulator Suite usage and error reporting information to help improve our products. Data is collected in accordance with Google's privacy policy (https://policies.google.com/privacy) and is not used to identify you.
 
[info] i  To change your data collection preference at any time, run `firebase logout` and log in again. 
[info] 
[info] Visit this URL on this device to log in:
[info] https://accounts.google.com/o/oauth2/auth?client_id=563584335869-fgrhgmd47bqnekij5i8b5pr03ho849e6.apps.googleusercontent.com&scope=email%20openid%20https%3A%2F%2Fwww.googleapis.com%2Fauth%2Fcloudplatformprojects.readonly%20https%3A%2F%2Fwww.googleapis.com%2Fauth%2Ffirebase%20https%3A%2F%2Fwww.googleapis.com%2Fauth%2Fcloud-platform&response_type=code&state=227096901&redirect_uri=http%3A%2F%2Flocalhost%3A9005
[info] 
[info] Waiting for authentication...
[debug] [2023-06-19T03:16:15.453Z] >>> [apiv2][query] POST https://accounts.google.com/o/oauth2/token [none]
[debug] [2023-06-19T03:16:15.453Z] >>> [apiv2][body] POST https://accounts.google.com/o/oauth2/token [omitted]
[debug] [2023-06-19T03:16:36.525Z] Token Fetch Error: FirebaseError: Failed to make request to https://accounts.google.com/o/oauth2/token
    at RetryOperation._fn (C:\Users\ENDALE\AppData\Roaming\npm\node_modules\firebase-tools\lib\apiv2.js:242:31)
    at process.processTicksAndRejections (node:internal/process/task_queues:95:5)
[debug] [2023-06-19T03:16:36.531Z] >>> [apiv2][query] POST https://auth.firebase.tools/attest [none]
[debug] [2023-06-19T03:16:36.532Z] >>> [apiv2][body] POST https://auth.firebase.tools/attest {"session_id":"a0c96f1c-cfd9-4993-8004-22534dbbcd0f"}
[debug] [2023-06-19T03:16:37.031Z] <<< [apiv2][status] POST https://auth.firebase.tools/attest 200
[debug] [2023-06-19T03:16:37.032Z] <<< [apiv2][body] POST https://auth.firebase.tools/attest {"token":"ISl_OOu3eft0XkeAR6Jbp5F1QFcwDuCAp7kn-5mu4EY"}
[info] 
[info] To sign in to the Firebase CLI:
[info] 
[info] 1. Take note of your session ID:
[info] 
[info]    A0C96
[info] 
[info] 2. Visit the URL below on any device and follow the instructions to get your code:
[info] 
[info]    https://auth.firebase.tools/login?code_challenge=KKfrnLKOQuvFAfScB5e08Gf-gCghn7VgiXq5ZGX3h_Q&session=a0c96f1c-cfd9-4993-8004-22534dbbcd0f&attest=ISl_OOu3eft0XkeAR6Jbp5F1QFcwDuCAp7kn-5mu4EY
[info] 
[info] 3. Paste or enter the authorization code below once you have it:
[info] 
